<?xml version="1.0" encoding="UTF-8"?>
<!-- Generated by org.testng.reporters.JUnitReportReporter -->
<testsuite hostname="MH077" name="com.abm.mainet.mkt.MarketLicenseServices" tests="1" failures="0" timestamp="5 Dec 2017 14:07:04 GMT" time="71.244" errors="1">
  <testcase name="marketLicense_Scrutiny" time="71.244" classname="com.abm.mainet.mkt.MarketLicenseServices">
    <error type="java.lang.Error" message="Unresolved compilation problem: 
	The import sun.security.krb5.ServiceName cannot be resolved
">
      <![CDATA[java.lang.Error: Unresolved compilation problem: 
	The import sun.security.krb5.ServiceName cannot be resolved

	at com.abm.mainet.tp.TownPlanningServices.<init>(TownPlanningServices.java:21)
	at common.ScrutinyProcess.ScrutinySwitchQuestions(ScrutinyProcess.java:480)
	at common.ScrutinyProcess.Scrutiny(ScrutinyProcess.java:361)
	at common.ScrutinyProcess.scrutinyProcess(ScrutinyProcess.java:140)
	at common.ScrutinyProcess.ScrutinyProcess(ScrutinyProcess.java:64)
	at com.abm.mainet.mkt.MarketLicenseServices.marketLicense_Scrutiny(MarketLicenseServices.java:155)
	at sun.reflect.NativeMethodAccessorImpl.invoke0(Native Method)
	at sun.reflect.NativeMethodAccessorImpl.invoke(Unknown Source)
	at sun.reflect.DelegatingMethodAccessorImpl.invoke(Unknown Source)
	at java.lang.reflect.Method.invoke(Unknown Source)
	at org.testng.internal.MethodInvocationHelper.invokeMethod(MethodInvocationHelper.java:100)
	at org.testng.internal.Invoker.invokeMethod(Invoker.java:646)
	at org.testng.internal.Invoker.invokeTestMethod(Invoker.java:811)
	at org.testng.internal.Invoker.invokeTestMethods(Invoker.java:1129)
	at org.testng.internal.TestMethodWorker.invokeTestMethods(TestMethodWorker.java:129)
	at org.testng.internal.TestMethodWorker.run(TestMethodWorker.java:112)
	at org.testng.TestRunner.privateRun(TestRunner.java:746)
	at org.testng.TestRunner.run(TestRunner.java:600)
	at org.testng.SuiteRunner.runTest(SuiteRunner.java:366)
	at org.testng.SuiteRunner.runSequentially(SuiteRunner.java:361)
	at org.testng.SuiteRunner.privateRun(SuiteRunner.java:319)
	at org.testng.SuiteRunner.run(SuiteRunner.java:268)
	at org.testng.SuiteRunnerWorker.runSuite(SuiteRunnerWorker.java:52)
	at org.testng.SuiteRunnerWorker.run(SuiteRunnerWorker.java:86)
	at org.testng.TestNG.runSuitesSequentially(TestNG.java:1264)
	at org.testng.TestNG.runSuitesLocally(TestNG.java:1189)
	at org.testng.TestNG.runSuites(TestNG.java:1104)
	at org.testng.TestNG.run(TestNG.java:1076)
	at org.testng.remote.AbstractRemoteTestNG.run(AbstractRemoteTestNG.java:126)
	at org.testng.remote.RemoteTestNG.initAndRun(RemoteTestNG.java:152)
	at org.testng.remote.RemoteTestNG.main(RemoteTestNG.java:57)
]]>
    </error>
  </testcase> <!-- marketLicense_Scrutiny -->
</testsuite> <!-- com.abm.mainet.mkt.MarketLicenseServices -->
