<?xml version="1.0" encoding="UTF-8"?>
<!-- Generated by org.testng.reporters.JUnitReportReporter -->
<testsuite name="parallelTest.CrossBrowserScript" tests="3" time="9.643" ignored="0" failures="0" timestamp="20 Feb 2017 05:46:15 GMT" skipped="0" hostname="GURU99-DK" errors="0">
  <testcase name="testParameterWithXML" time="3.178" classname="parallelTest.CrossBrowserScript"/>
  <testcase name="testParameterWithXML" time="2.046" classname="parallelTest.CrossBrowserScript"/>
  <testcase name="testParameterWithXML" time="4.419" classname="parallelTest.CrossBrowserScript"/>
</testsuite> <!-- parallelTest.CrossBrowserScript -->
