<?xml version="1.0" encoding="UTF-8"?>
<!-- Generated by org.testng.reporters.JUnitReportReporter -->
<testsuite skipped="35" hostname="MH-080" name="com.abm.mainet.adh.AdvertisingAndHoardingServices" tests="36" failures="0" timestamp="15 May 2017 10:47:07 GMT" time="84.871" errors="1">
  <testcase name="adh_AgencyContract" time="84.871" classname="com.abm.mainet.adh.AdvertisingAndHoardingServices">
    <error type="java.lang.IllegalStateException" message="No match found">
      <![CDATA[java.lang.IllegalStateException: No match found
	at java.util.regex.Matcher.group(Unknown Source)
	at errorhandling.MainetCustomExceptions.<init>(MainetCustomExceptions.java:61)
	at com.abm.mainet.adh.AdvertisingAndHoardingServices.adh_AgencyContract(AdvertisingAndHoardingServices.java:678)
	at sun.reflect.NativeMethodAccessorImpl.invoke0(Native Method)
	at sun.reflect.NativeMethodAccessorImpl.invoke(Unknown Source)
	at sun.reflect.DelegatingMethodAccessorImpl.invoke(Unknown Source)
	at java.lang.reflect.Method.invoke(Unknown Source)
	at org.testng.internal.MethodInvocationHelper.invokeMethod(MethodInvocationHelper.java:108)
	at org.testng.internal.Invoker.invokeMethod(Invoker.java:661)
	at org.testng.internal.Invoker.invokeTestMethod(Invoker.java:869)
	at org.testng.internal.Invoker.invokeTestMethods(Invoker.java:1193)
	at org.testng.internal.TestMethodWorker.invokeTestMethods(TestMethodWorker.java:126)
	at org.testng.internal.TestMethodWorker.run(TestMethodWorker.java:109)
	at org.testng.TestRunner.privateRun(TestRunner.java:744)
	at org.testng.TestRunner.run(TestRunner.java:602)
	at org.testng.SuiteRunner.runTest(SuiteRunner.java:380)
	at org.testng.SuiteRunner.runSequentially(SuiteRunner.java:375)
	at org.testng.SuiteRunner.privateRun(SuiteRunner.java:340)
	at org.testng.SuiteRunner.run(SuiteRunner.java:289)
	at org.testng.SuiteRunnerWorker.runSuite(SuiteRunnerWorker.java:52)
	at org.testng.SuiteRunnerWorker.run(SuiteRunnerWorker.java:86)
	at org.testng.TestNG.runSuitesSequentially(TestNG.java:1301)
	at org.testng.TestNG.runSuitesLocally(TestNG.java:1226)
	at org.testng.TestNG.runSuites(TestNG.java:1144)
	at org.testng.TestNG.run(TestNG.java:1115)
	at org.testng.remote.AbstractRemoteTestNG.run(AbstractRemoteTestNG.java:132)
	at org.testng.remote.RemoteTestNG.initAndRun(RemoteTestNG.java:230)
	at org.testng.remote.RemoteTestNG.main(RemoteTestNG.java:76)
]]>
    </error>
  </testcase> <!-- adh_AgencyContract -->
  <testcase name="adh_contractLetterPrinting" classname="com.abm.mainet.adh.AdvertisingAndHoardingServices">
    <skipped/>
  </testcase> <!-- adh_contractLetterPrinting -->
  <testcase name="adh_AdvtRenewalOfAdvtContract" classname="com.abm.mainet.adh.AdvertisingAndHoardingServices">
    <skipped/>
  </testcase> <!-- adh_AdvtRenewalOfAdvtContract -->
  <testcase name="adh_AdvtrenewalcontractBillPrinting" classname="com.abm.mainet.adh.AdvertisingAndHoardingServices">
    <skipped/>
  </testcase> <!-- adh_AdvtrenewalcontractBillPrinting -->
  <testcase name="adh_ApprovalLetterPrinting" classname="com.abm.mainet.adh.AdvertisingAndHoardingServices">
    <skipped/>
  </testcase> <!-- adh_ApprovalLetterPrinting -->
  <testcase name="adh_contractBillPayment" classname="com.abm.mainet.adh.AdvertisingAndHoardingServices">
    <skipped/>
  </testcase> <!-- adh_contractBillPayment -->
  <testcase name="adh_intimationforRemovalofAdvertisment" classname="com.abm.mainet.adh.AdvertisingAndHoardingServices">
    <skipped/>
  </testcase> <!-- adh_intimationforRemovalofAdvertisment -->
  <testcase name="adh_setUpOfHoardingBillPrinting" classname="com.abm.mainet.adh.AdvertisingAndHoardingServices">
    <skipped/>
  </testcase> <!-- adh_setUpOfHoardingBillPrinting -->
  <testcase name="adh_AdvtrenwlContrctScrutinyProcess" classname="com.abm.mainet.adh.AdvertisingAndHoardingServices">
    <skipped/>
  </testcase> <!-- adh_AdvtrenwlContrctScrutinyProcess -->
  <testcase name="adh_setUpOfHoardingApprovalLetterPrinting" classname="com.abm.mainet.adh.AdvertisingAndHoardingServices">
    <skipped/>
  </testcase> <!-- adh_setUpOfHoardingApprovalLetterPrinting -->
  <testcase name="adh_cancellationOfContractNAgency" classname="com.abm.mainet.adh.AdvertisingAndHoardingServices">
    <skipped/>
  </testcase> <!-- adh_cancellationOfContractNAgency -->
  <testcase name="adh_setUpOfHoardingLoipayment" classname="com.abm.mainet.adh.AdvertisingAndHoardingServices">
    <skipped/>
  </testcase> <!-- adh_setUpOfHoardingLoipayment -->
  <testcase name="adh_AdvtrenewalContractBillPayment" classname="com.abm.mainet.adh.AdvertisingAndHoardingServices">
    <skipped/>
  </testcase> <!-- adh_AdvtrenewalContractBillPayment -->
  <testcase name="adh_suspensionOfContractNAgency" classname="com.abm.mainet.adh.AdvertisingAndHoardingServices">
    <skipped/>
  </testcase> <!-- adh_suspensionOfContractNAgency -->
  <testcase name="adh_AdvtRenewalContractChkLstVerifctn" classname="com.abm.mainet.adh.AdvertisingAndHoardingServices">
    <skipped/>
  </testcase> <!-- adh_AdvtRenewalContractChkLstVerifctn -->
  <testcase name="adh_AgencyContractBillPrinting" classname="com.abm.mainet.adh.AdvertisingAndHoardingServices">
    <skipped/>
  </testcase> <!-- adh_AgencyContractBillPrinting -->
  <testcase name="adh_BillGeneration" classname="com.abm.mainet.adh.AdvertisingAndHoardingServices">
    <skipped/>
  </testcase> <!-- adh_BillGeneration -->
  <testcase name="adh_AdvtrenwlContrctLOIPayment" classname="com.abm.mainet.adh.AdvertisingAndHoardingServices">
    <skipped/>
  </testcase> <!-- adh_AdvtrenwlContrctLOIPayment -->
  <testcase name="adh_setUpOfHoardingchekcListVerification" classname="com.abm.mainet.adh.AdvertisingAndHoardingServices">
    <skipped/>
  </testcase> <!-- adh_setUpOfHoardingchekcListVerification -->
  <testcase name="adh_setUpOfHoardingBillGeneration" classname="com.abm.mainet.adh.AdvertisingAndHoardingServices">
    <skipped/>
  </testcase> <!-- adh_setUpOfHoardingBillGeneration -->
  <testcase name="adh_setUpOfHoardingscrutinyProcess" classname="com.abm.mainet.adh.AdvertisingAndHoardingServices">
    <skipped/>
  </testcase> <!-- adh_setUpOfHoardingscrutinyProcess -->
  <testcase name="adh_addHoardingInspection" classname="com.abm.mainet.adh.AdvertisingAndHoardingServices">
    <skipped/>
  </testcase> <!-- adh_addHoardingInspection -->
  <testcase name="adh_BillPrinting" classname="com.abm.mainet.adh.AdvertisingAndHoardingServices">
    <skipped/>
  </testcase> <!-- adh_BillPrinting -->
  <testcase name="adh_chekcListVerification" classname="com.abm.mainet.adh.AdvertisingAndHoardingServices">
    <skipped/>
  </testcase> <!-- adh_chekcListVerification -->
  <testcase name="adh_AgencyContractBillGeneration" classname="com.abm.mainet.adh.AdvertisingAndHoardingServices">
    <skipped/>
  </testcase> <!-- adh_AgencyContractBillGeneration -->
  <testcase name="adh_AgencyContractContractBillPayment" classname="com.abm.mainet.adh.AdvertisingAndHoardingServices">
    <skipped/>
  </testcase> <!-- adh_AgencyContractContractBillPayment -->
  <testcase name="adh_scrutinyProcess" classname="com.abm.mainet.adh.AdvertisingAndHoardingServices">
    <skipped/>
  </testcase> <!-- adh_scrutinyProcess -->
  <testcase name="adh_printergrid" classname="com.abm.mainet.adh.AdvertisingAndHoardingServices">
    <skipped/>
  </testcase> <!-- adh_printergrid -->
  <testcase name="adh_AdvtrenwlContrctPrinterCounter" classname="com.abm.mainet.adh.AdvertisingAndHoardingServices">
    <skipped/>
  </testcase> <!-- adh_AdvtrenwlContrctPrinterCounter -->
  <testcase name="adh_AdvtrenewalContractApprovalLetterPrinting" classname="com.abm.mainet.adh.AdvertisingAndHoardingServices">
    <skipped/>
  </testcase> <!-- adh_AdvtrenewalContractApprovalLetterPrinting -->
  <testcase name="adh_SetUpOfHoarding" classname="com.abm.mainet.adh.AdvertisingAndHoardingServices">
    <skipped/>
  </testcase> <!-- adh_SetUpOfHoarding -->
  <testcase name="adh_Loipayment" classname="com.abm.mainet.adh.AdvertisingAndHoardingServices">
    <skipped/>
  </testcase> <!-- adh_Loipayment -->
  <testcase name="adh_bookingOfHording" classname="com.abm.mainet.adh.AdvertisingAndHoardingServices">
    <skipped/>
  </testcase> <!-- adh_bookingOfHording -->
  <testcase name="adh_setUpOfHoardingprintergrid" classname="com.abm.mainet.adh.AdvertisingAndHoardingServices">
    <skipped/>
  </testcase> <!-- adh_setUpOfHoardingprintergrid -->
  <testcase name="adh_AdvtrewalcontractBillGeneration" classname="com.abm.mainet.adh.AdvertisingAndHoardingServices">
    <skipped/>
  </testcase> <!-- adh_AdvtrewalcontractBillGeneration -->
  <testcase name="adh_setUpOfHoardingContractBillPayment" classname="com.abm.mainet.adh.AdvertisingAndHoardingServices">
    <skipped/>
  </testcase> <!-- adh_setUpOfHoardingContractBillPayment -->
</testsuite> <!-- com.abm.mainet.adh.AdvertisingAndHoardingServices -->
