<?xml version="1.0" encoding="UTF-8"?>
<!-- Generated by org.testng.reporters.JUnitReportReporter -->
<testsuite skipped="12" hostname="MH-080" name="com.abm.mainet.rnl.RentAndLeaseServices" tests="30" failures="1" timestamp="30 Jun 2017 10:42:34 GMT" time="2034.506" errors="0">
  <testcase name="rnl_bookingOfEstate" time="141.878" classname="com.abm.mainet.rnl.RentAndLeaseServices"/>
  <testcase name="rnl_bookingOfEstate" time="140.519" classname="com.abm.mainet.rnl.RentAndLeaseServices"/>
  <testcase name="rnl_bookingOfEstate" time="123.269" classname="com.abm.mainet.rnl.RentAndLeaseServices"/>
  <testcase name="rnl_chekcListVerification" time="120.139" classname="com.abm.mainet.rnl.RentAndLeaseServices"/>
  <testcase name="rnl_chekcListVerification" time="116.941" classname="com.abm.mainet.rnl.RentAndLeaseServices"/>
  <testcase name="rnl_chekcListVerification" time="162.007" classname="com.abm.mainet.rnl.RentAndLeaseServices"/>
  <testcase name="rnl_scrutinyProcess" time="305.968" classname="com.abm.mainet.rnl.RentAndLeaseServices"/>
  <testcase name="rnl_scrutinyProcess" time="0.376" classname="com.abm.mainet.rnl.RentAndLeaseServices"/>
  <testcase name="rnl_scrutinyProcess" time="287.637" classname="com.abm.mainet.rnl.RentAndLeaseServices"/>
  <testcase name="rnl_printergrid" time="158.132" classname="com.abm.mainet.rnl.RentAndLeaseServices"/>
  <testcase name="rnl_printergrid" time="154.152" classname="com.abm.mainet.rnl.RentAndLeaseServices"/>
  <testcase name="rnl_printergrid" time="0.646" classname="com.abm.mainet.rnl.RentAndLeaseServices"/>
  <testcase name="rnl_Loipayment" time="182.868" classname="com.abm.mainet.rnl.RentAndLeaseServices">
    <failure type="java.lang.AssertionError" message="#####Message Does not match at LOI Payment POPup.   Actual   :Successfully !   Expected   :LOI Details Received, Proceed for Offline Payment.-----">
      <![CDATA[java.lang.AssertionError: #####Message Does not match at LOI Payment POPup.   Actual   :Successfully !   Expected   :LOI Details Received, Proceed for Offline Payment.-----
	at com.abm.mainet.rnl.RentAndLeaseCustomErrorMessages.assertAll(RentAndLeaseCustomErrorMessages.java:64)
	at com.abm.mainet.rnl.RentAndLeaseServices.rnl_Loipayment(RentAndLeaseServices.java:344)
	at sun.reflect.NativeMethodAccessorImpl.invoke0(Native Method)
	at sun.reflect.NativeMethodAccessorImpl.invoke(Unknown Source)
	at sun.reflect.DelegatingMethodAccessorImpl.invoke(Unknown Source)
	at java.lang.reflect.Method.invoke(Unknown Source)
	at org.testng.internal.MethodInvocationHelper.invokeMethod(MethodInvocationHelper.java:108)
	at org.testng.internal.Invoker.invokeMethod(Invoker.java:661)
	at org.testng.internal.Invoker.invokeTestMethod(Invoker.java:869)
	at org.testng.internal.Invoker.invokeTestMethods(Invoker.java:1193)
	at org.testng.internal.TestMethodWorker.invokeTestMethods(TestMethodWorker.java:126)
	at org.testng.internal.TestMethodWorker.run(TestMethodWorker.java:109)
	at org.testng.TestRunner.privateRun(TestRunner.java:744)
	at org.testng.TestRunner.run(TestRunner.java:602)
	at org.testng.SuiteRunner.runTest(SuiteRunner.java:380)
	at org.testng.SuiteRunner.runSequentially(SuiteRunner.java:375)
	at org.testng.SuiteRunner.privateRun(SuiteRunner.java:340)
	at org.testng.SuiteRunner.run(SuiteRunner.java:289)
	at org.testng.SuiteRunnerWorker.runSuite(SuiteRunnerWorker.java:52)
	at org.testng.SuiteRunnerWorker.run(SuiteRunnerWorker.java:86)
	at org.testng.TestNG.runSuitesSequentially(TestNG.java:1301)
	at org.testng.TestNG.runSuitesLocally(TestNG.java:1226)
	at org.testng.TestNG.runSuites(TestNG.java:1144)
	at org.testng.TestNG.run(TestNG.java:1115)
	at org.testng.remote.AbstractRemoteTestNG.run(AbstractRemoteTestNG.java:132)
	at org.testng.remote.RemoteTestNG.initAndRun(RemoteTestNG.java:230)
	at org.testng.remote.RemoteTestNG.main(RemoteTestNG.java:76)
]]>
    </failure>
  </testcase> <!-- rnl_Loipayment -->
  <testcase name="rnl_Loipayment" time="0.004" classname="com.abm.mainet.rnl.RentAndLeaseServices"/>
  <testcase name="rnl_Loipayment" time="0.480" classname="com.abm.mainet.rnl.RentAndLeaseServices"/>
  <testcase name="rnl_ApprovalLetterPrinting" time="0.000" classname="com.abm.mainet.rnl.RentAndLeaseServices"/>
  <testcase name="rnl_ApprovalLetterPrinting" time="0.258" classname="com.abm.mainet.rnl.RentAndLeaseServices"/>
  <testcase name="rnl_ApprovalLetterPrinting" time="139.232" classname="com.abm.mainet.rnl.RentAndLeaseServices"/>
  <testcase name="rnl_RentPaymentSchedule" classname="com.abm.mainet.rnl.RentAndLeaseServices">
    <skipped/>
  </testcase> <!-- rnl_RentPaymentSchedule -->
  <testcase name="rnl_RentrenwlContrctPrinterCounter" classname="com.abm.mainet.rnl.RentAndLeaseServices">
    <skipped/>
  </testcase> <!-- rnl_RentrenwlContrctPrinterCounter -->
  <testcase name="rnl_RentrenewalContractApprovalLetterPrinting" classname="com.abm.mainet.rnl.RentAndLeaseServices">
    <skipped/>
  </testcase> <!-- rnl_RentrenewalContractApprovalLetterPrinting -->
  <testcase name="rnl_TenantMaster" classname="com.abm.mainet.rnl.RentAndLeaseServices">
    <skipped/>
  </testcase> <!-- rnl_TenantMaster -->
  <testcase name="rnl_RentrenwlContrctScrutinyProcess" classname="com.abm.mainet.rnl.RentAndLeaseServices">
    <skipped/>
  </testcase> <!-- rnl_RentrenwlContrctScrutinyProcess -->
  <testcase name="rnl_RenewalOfRentContract" classname="com.abm.mainet.rnl.RentAndLeaseServices">
    <skipped/>
  </testcase> <!-- rnl_RenewalOfRentContract -->
  <testcase name="rnl_TenantContractGeneration" classname="com.abm.mainet.rnl.RentAndLeaseServices">
    <skipped/>
  </testcase> <!-- rnl_TenantContractGeneration -->
  <testcase name="rnl_RentRenewalContractChkLstVerifctn" classname="com.abm.mainet.rnl.RentAndLeaseServices">
    <skipped/>
  </testcase> <!-- rnl_RentRenewalContractChkLstVerifctn -->
  <testcase name="rnl_landAndEstateMasterEntry" classname="com.abm.mainet.rnl.RentAndLeaseServices">
    <skipped/>
  </testcase> <!-- rnl_landAndEstateMasterEntry -->
  <testcase name="rnl_BillGeneration" classname="com.abm.mainet.rnl.RentAndLeaseServices">
    <skipped/>
  </testcase> <!-- rnl_BillGeneration -->
  <testcase name="rnl_RentrenwlContrctLOIPayment" classname="com.abm.mainet.rnl.RentAndLeaseServices">
    <skipped/>
  </testcase> <!-- rnl_RentrenwlContrctLOIPayment -->
  <testcase name="rnl_BillPrinting" classname="com.abm.mainet.rnl.RentAndLeaseServices">
    <skipped/>
  </testcase> <!-- rnl_BillPrinting -->
</testsuite> <!-- com.abm.mainet.rnl.RentAndLeaseServices -->
