<?xml version="1.0" encoding="UTF-8"?>
<!-- Generated by org.testng.reporters.JUnitReportReporter -->
<testsuite hostname="CSI-315" name="com.abm.mainet.legal.LegalServices" tests="2" failures="0" timestamp="12 Aug 2019 11:31:33 GMT" time="456.673" errors="0">
  <testcase name="lgl_caseMasterEntry" time="225.418" classname="com.abm.mainet.legal.LegalServices"/>
  <testcase name="lgl_caseHearingEntry" time="231.255" classname="com.abm.mainet.legal.LegalServices"/>
</testsuite> <!-- com.abm.mainet.legal.LegalServices -->
